<?xml version="1.0" encoding="UTF-8"?>
<!-- Generated by org.testng.reporters.JUnitReportReporter -->
<testsuite hostname="DESKTOP-0AUTQTC" failures="0" tests="3" name="Selenium.second.test1" time="0.040" errors="0" timestamp="2023-02-22T12:15:36 IST" skipped="0">
  <testcase classname="Selenium.second.test1" name="test3" time="0.007"/>
  <system-out/>
  <testcase classname="Selenium.second.test1" name="test2" time="0.017"/>
  <system-out/>
  <testcase classname="Selenium.second.test1" name="Test1" time="0.016"/>
  <system-out/>
</testsuite> <!-- Selenium.second.test1 -->
