<?xml version="1.0" encoding="UTF-8"?>
<!-- Generated by org.testng.reporters.JUnitReportReporter -->
<testsuite hostname="DESKTOP-0AUTQTC" failures="0" tests="4" name="Selenium.second.test2" time="0.028" errors="0" timestamp="2023-02-22T21:07:30 IST" skipped="0">
  <testcase classname="Selenium.second.test2" name="C" time="0.017"/>
  <system-out/>
  <testcase classname="Selenium.second.test2" name="A" time="0.002"/>
  <system-out/>
  <testcase classname="Selenium.second.test2" name="B" time="0.004"/>
  <system-out/>
  <testcase classname="Selenium.second.test2" name="D" time="0.005"/>
  <system-out/>
</testsuite> <!-- Selenium.second.test2 -->
