<?xml version="1.0" encoding="UTF-8"?>
<!-- Generated by org.testng.reporters.JUnitReportReporter -->
<testsuite hostname="DESKTOP-0AUTQTC" failures="0" tests="2" name="Selenium.second.Test" time="0.030" errors="0" timestamp="2023-02-22T11:56:09 IST" skipped="0">
  <testcase classname="Selenium.second.Test" name="Test1" time="0.021"/>
  <system-out/>
  <testcase classname="Selenium.second.Test" name="Test2" time="0.009"/>
  <system-out/>
</testsuite> <!-- Selenium.second.Test -->
